2026-01-06T14:42:37.938Z [INFO]: Stats carregados do Firestore: totalSent=30
2026-01-06T14:42:37.942Z [INFO]: Calculado: totalDailyLimit=2800, totalSent=30, available=2770, availableForTemplates=2270
2026-01-06T14:42:41.748Z [INFO]: Stats carregados do Firestore: totalSent=30
2026-01-06T14:42:41.750Z [INFO]: Calculado: totalDailyLimit=2800, totalSent=30, available=2770, availableForTemplates=2270
2026-01-06T14:42:46.650Z [INFO]: Email enviado de congressoautismoma@gmail.com para bertohf5@gmail.com. Total enviado hoje: 31
2026-01-06T14:42:46.818Z [INFO]: Email de confirmação enviado para bertohf5@gmail.com (participante 0). Total enviado hoje: 31
2026-01-06T14:42:46.980Z [INFO]: Updated participant 0 in checkout adlULV8terwz8MfqGBli
2026-01-06T16:31:04.960Z [INFO]: Stats carregados do Firestore: totalSent=32
2026-01-06T16:31:04.962Z [INFO]: Calculado: totalDailyLimit=2800, totalSent=32, available=2768, availableForTemplates=2268
2026-01-06T16:31:05.546Z [ERROR]: === DEBUG PDF DATA ===
2026-01-06T16:31:05.547Z [ERROR]: Participant:
2026-01-06T16:31:05.548Z [ERROR]: qrRawData:
2026-01-06T16:31:05.548Z [ERROR]: qrRawData keys:
2026-01-06T16:31:05.549Z [ERROR]: Tentando acessar:
2026-01-06T16:31:05.549Z [ERROR]: 2026-05-16:
2026-01-06T16:31:05.550Z [ERROR]: 2026-05-17:
2026-01-06T16:31:05.550Z [ERROR]: =====================
2026-01-06T16:31:10.206Z [INFO]: Stats carregados do Firestore: totalSent=32
2026-01-06T16:31:10.208Z [INFO]: Calculado: totalDailyLimit=2800, totalSent=32, available=2768, availableForTemplates=2268
2026-01-06T16:31:15.511Z [INFO]: Email enviado de congressoautismoma@gmail.com para bertohf5@gmail.com. Total enviado hoje: 33
2026-01-06T16:31:15.647Z [INFO]: Email de confirmação enviado para bertohf5@gmail.com (participante 0). Total enviado hoje: 33
2026-01-06T16:31:15.786Z [INFO]: Updated participant 0 in checkout adlULV8terwz8MfqGBli
2026-01-06T16:33:31.343Z [INFO]: Stats carregados do Firestore: totalSent=34
2026-01-06T16:33:31.348Z [INFO]: Calculado: totalDailyLimit=2800, totalSent=34, available=2766, availableForTemplates=2266
2026-01-06T16:33:31.917Z [ERROR]: === DEBUG PDF DATA ===
2026-01-06T16:33:31.919Z [ERROR]: qrCodes:
2026-01-06T16:33:31.921Z [ERROR]: qrRawData:
2026-01-06T16:33:31.923Z [ERROR]: =====================
2026-01-06T16:33:37.004Z [INFO]: Stats carregados do Firestore: totalSent=34
2026-01-06T16:33:37.005Z [INFO]: Calculado: totalDailyLimit=2800, totalSent=34, available=2766, availableForTemplates=2266
2026-01-06T16:33:42.526Z [INFO]: Email enviado de congressoautismoma@gmail.com para bertohf5@gmail.com. Total enviado hoje: 35
2026-01-06T16:33:42.678Z [INFO]: Email de confirmação enviado para bertohf5@gmail.com (participante 0). Total enviado hoje: 35
2026-01-06T16:33:42.837Z [INFO]: Updated participant 0 in checkout adlULV8terwz8MfqGBli
2026-01-06T16:36:26.092Z [INFO]: Fetched 0 active templates for status approved
2026-01-06T16:36:26.096Z [INFO]: No active templates found for status approved in checkout uncRrgoG4ZUekqMndEjd
2026-01-06T16:36:26.183Z [INFO]: Stats carregados do Firestore: totalSent=36
2026-01-06T16:36:26.185Z [INFO]: Calculado: totalDailyLimit=2800, totalSent=36, available=2764, availableForTemplates=2264
2026-01-06T16:36:31.604Z [INFO]: Stats carregados do Firestore: totalSent=36
2026-01-06T16:36:31.605Z [INFO]: Calculado: totalDailyLimit=2800, totalSent=36, available=2764, availableForTemplates=2264
2026-01-06T16:36:36.472Z [INFO]: Email enviado de congressoautismoma@gmail.com para bertohf5@gmail.com. Total enviado hoje: 37
2026-01-06T16:36:36.651Z [INFO]: Email de confirmação enviado para bertohf5@gmail.com (participante 0). Total enviado hoje: 37
2026-01-06T16:36:36.843Z [INFO]: Updated participant 0 in checkout uncRrgoG4ZUekqMndEjd
2026-01-06T16:38:12.671Z [INFO]: Fetched 0 active templates for status approved
2026-01-06T16:38:12.673Z [INFO]: No active templates found for status approved in checkout zyeKI89XVJxRjmmoktWw
2026-01-06T16:38:12.769Z [INFO]: Stats carregados do Firestore: totalSent=38
2026-01-06T16:38:12.770Z [INFO]: Calculado: totalDailyLimit=2800, totalSent=38, available=2762, availableForTemplates=2262
2026-01-06T16:38:15.946Z [INFO]: Stats carregados do Firestore: totalSent=38
2026-01-06T16:38:15.947Z [INFO]: Calculado: totalDailyLimit=2800, totalSent=38, available=2762, availableForTemplates=2262
2026-01-06T16:38:20.717Z [INFO]: Email enviado de congressoautismoma@gmail.com para bertohf5@gmail.com. Total enviado hoje: 39
2026-01-06T16:38:20.884Z [INFO]: Email de confirmação enviado para bertohf5@gmail.com (participante 0). Total enviado hoje: 39
2026-01-06T16:38:21.025Z [INFO]: Updated participant 0 in checkout zyeKI89XVJxRjmmoktWw
2026-01-06T17:37:33.968Z [INFO]: Stats carregados do Firestore: totalSent=40
2026-01-06T17:37:33.973Z [INFO]: Calculado: totalDailyLimit=2800, totalSent=40, available=2760, availableForTemplates=2260
2026-01-06T17:39:35.018Z [INFO]: Stats carregados do Firestore: totalSent=40
2026-01-06T17:39:35.020Z [INFO]: Calculado: totalDailyLimit=2800, totalSent=40, available=2760, availableForTemplates=2260
2026-01-06T17:39:39.057Z [INFO]: Email enviado de congressoautismoma@gmail.com para bertohf5@gmail.com. Total enviado hoje: 41
2026-01-06T17:39:39.151Z [INFO]: Stats carregados do Firestore: totalSent=41
2026-01-06T17:39:39.152Z [INFO]: Calculado: totalDailyLimit=2800, totalSent=41, available=2759, availableForTemplates=2259
2026-01-06T17:39:41.886Z [INFO]: Email enviado de congressoautismoma@gmail.com para bertohf5@gmail.com. Total enviado hoje: 42
